{
  "RSpec": {
    "coverage": {
      "/Users/Maldorana/Desktop/Makers/Course/Week 10/bank_tech_test/spec/bank_account_spec.rb": {
        "lines": [
          1,
          null,
          1,
          1,
          1,
          1,
          null,
          null,
          1,
          1,
          1,
          null,
          null,
          1,
          1,
          1,
          1,
          1,
          null,
          null,
          null,
          1,
          1,
          1,
          null,
          null,
          1,
          1,
          1,
          1,
          1,
          null,
          null,
          1,
          1,
          1,
          1,
          1,
          1,
          1,
          null,
          null,
          1,
          1,
          1,
          1,
          1,
          1,
          1,
          1,
          null,
          null,
          null,
          1,
          1,
          1,
          1,
          2,
          null,
          null,
          null,
          1,
          1,
          2,
          null,
          null,
          1,
          2,
          2,
          2,
          null,
          null,
          1,
          1,
          2,
          2,
          2,
          null,
          null,
          null
        ]
      },
      "/Users/Maldorana/Desktop/Makers/Course/Week 10/bank_tech_test/lib/bank_account.rb": {
        "lines": [
          1,
          null,
          1,
          1,
          null,
          1,
          11,
          11,
          null,
          null,
          1,
          11,
          null,
          8,
          8,
          null,
          null,
          1,
          7,
          4,
          null,
          3,
          3,
          null,
          null,
          1,
          1,
          1,
          1,
          null,
          null,
          null,
          1,
          null,
          1,
          3,
          null,
          null,
          1,
          11,
          null,
          null,
          1,
          4,
          null,
          null,
          1,
          18,
          null,
          null
        ]
      },
      "/Users/Maldorana/Desktop/Makers/Course/Week 10/bank_tech_test/lib/bank_operation.rb": {
        "lines": [
          1,
          1,
          null,
          1,
          11,
          11,
          11,
          11,
          null,
          null
        ]
      }
    },
    "timestamp": 1635261197
  }
}
