{
  "RSpec": {
    "coverage": {
      "/Users/Maldorana/Desktop/Makers/Course/Week 10/bank_tech_test/spec/bank_account_spec.rb": {
        "lines": [
          1,
          null,
          1,
          1,
          1,
          1,
          null,
          null,
          1,
          1,
          1,
          null,
          null,
          1,
          1,
          1,
          1,
          1,
          null,
          null,
          null,
          1,
          1,
          2,
          null,
          null,
          1,
          2,
          2,
          2,
          null,
          null,
          1,
          1,
          2,
          2,
          2,
          null,
          null,
          null
        ]
      },
      "/Users/Maldorana/Desktop/Makers/Course/Week 10/bank_tech_test/lib/bank_account.rb": {
        "lines": [
          1,
          1,
          null,
          1,
          6,
          null,
          null,
          1,
          6,
          null,
          3,
          null,
          null,
          1,
          5,
          2,
          null,
          1,
          null,
          null,
          1,
          null,
          1,
          2,
          null,
          null,
          1,
          11,
          null,
          null
        ]
      }
    },
    "timestamp": 1635192173
  }
}
